<?xml version="1.0" encoding="UTF-8"?>
<!-- Generated by org.testng.reporters.JUnitXMLReporter -->
<testsuite hostname="DESKTOP-CBTHPKT" ignored="0" name="Test" tests="4" failures="4" timestamp="02 Jun 2018 07:35:23 GMT" time="84.945" errors="0">
  <testcase name="testFacebook" time="18.757" classname="testScript.Test1">
    <failure type="java.lang.AssertionError" message="expected [Facebook – log in or sign up1] but found [Facebook – log in or sign up]">
      <![CDATA[java.lang.AssertionError: expected [Facebook – log in or sign up1] but found [Facebook – log in or sign up]
at testScript.Test1.testFacebook(Test1.java:25)
... Removed 31 stack frames]]>
    </failure>
  </testcase> <!-- testFacebook -->
  <testcase name="instaTest" time="18.54" classname="testScript.Test2">
    <failure type="java.lang.AssertionError" message="expected [Instagram1] but found [Instagram]">
      <![CDATA[java.lang.AssertionError: expected [Instagram1] but found [Instagram]
at testScript.Test2.instaTest(Test2.java:25)
... Removed 31 stack frames]]>
    </failure>
  </testcase> <!-- instaTest -->
  <testcase name="testTwitter" time="16.242" classname="testScript.Test3">
    <failure type="java.lang.AssertionError" message="expected [Login on Twitter1] but found [Login on Twitter]">
      <![CDATA[java.lang.AssertionError: expected [Login on Twitter1] but found [Login on Twitter]
at testScript.Test3.testTwitter(Test3.java:24)
... Removed 31 stack frames]]>
    </failure>
  </testcase> <!-- testTwitter -->
  <testcase name="testLinkedIn" time="5.504" classname="testScript.Test4">
    <failure type="java.lang.AssertionError" message="expected [Sign Up | LinkedIn1] but found [Sign Up | LinkedIn]">
      <![CDATA[java.lang.AssertionError: expected [Sign Up | LinkedIn1] but found [Sign Up | LinkedIn]
at testScript.Test4.testLinkedIn(Test4.java:24)
... Removed 31 stack frames]]>
    </failure>
  </testcase> <!-- testLinkedIn -->
</testsuite> <!-- Test -->
